[debug] [2024-01-28T21:35:17.345Z] ----------------------------------------------------------------------
[debug] [2024-01-28T21:35:17.347Z] Command:       /usr/local/bin/node /usr/local/bin/firebase init hosting
[debug] [2024-01-28T21:35:17.347Z] CLI Version:   13.1.0
[debug] [2024-01-28T21:35:17.347Z] Platform:      darwin
[debug] [2024-01-28T21:35:17.348Z] Node Version:  v20.11.0
[debug] [2024-01-28T21:35:17.348Z] Time:          Sun Jan 28 2024 15:35:17 GMT-0600 (Central Standard Time)
[debug] [2024-01-28T21:35:17.348Z] ----------------------------------------------------------------------
[debug] 
[debug] [2024-01-28T21:35:17.383Z] > command requires scopes: ["email","openid","https://www.googleapis.com/auth/cloudplatformprojects.readonly","https://www.googleapis.com/auth/firebase","https://www.googleapis.com/auth/cloud-platform"]
[debug] [2024-01-28T21:35:17.383Z] > authorizing via signed-in user (nacham.samuktha@gmail.com)
[info] 
     ######## #### ########  ######## ########     ###     ######  ########
     ##        ##  ##     ## ##       ##     ##  ##   ##  ##       ##
     ######    ##  ########  ######   ########  #########  ######  ######
     ##        ##  ##    ##  ##       ##     ## ##     ##       ## ##
     ##       #### ##     ## ######## ########  ##     ##  ######  ########

You're about to initialize a Firebase project in this directory:

  /Users/samyukthanacham/Desktop

Before we get started, keep in mind:

  * You are initializing within an existing Firebase project directory

[info] 
=== Project Setup
[info] 
[info] First, let's associate this project directory with a Firebase project.
[info] You can create multiple project aliases by running firebase use --add, 
[info] but for now we'll just set up a default project.
[info] 
[debug] [2024-01-28T21:35:17.385Z] Using project from CLI flag: samukthanacham-14ec2
[debug] [2024-01-28T21:35:17.386Z] >>> [apiv2][query] GET https://firebase.googleapis.com/v1beta1/projects/samukthanacham-14ec2 [none]
[debug] [2024-01-28T21:35:17.596Z] <<< [apiv2][status] GET https://firebase.googleapis.com/v1beta1/projects/samukthanacham-14ec2 200
[debug] [2024-01-28T21:35:17.596Z] <<< [apiv2][body] GET https://firebase.googleapis.com/v1beta1/projects/samukthanacham-14ec2 {"projectId":"samukthanacham-14ec2","projectNumber":"252231820126","displayName":"SamukthaNacham","name":"projects/samukthanacham-14ec2","resources":{"hostingSite":"samukthanacham-14ec2"},"state":"ACTIVE","etag":"1_99844c2f-e674-4e5a-8ad3-b0bb193580b8"}
[info] i  Using project samukthanacham-14ec2 (SamukthaNacham) 
[info] 
=== Hosting Setup
[debug] [2024-01-28T21:35:17.622Z] >>> [apiv2][query] GET https://firebase.googleapis.com/v1beta1/projects/samukthanacham-14ec2 [none]
[debug] [2024-01-28T21:35:17.758Z] <<< [apiv2][status] GET https://firebase.googleapis.com/v1beta1/projects/samukthanacham-14ec2 200
[debug] [2024-01-28T21:35:17.759Z] <<< [apiv2][body] GET https://firebase.googleapis.com/v1beta1/projects/samukthanacham-14ec2 {"projectId":"samukthanacham-14ec2","projectNumber":"252231820126","displayName":"SamukthaNacham","name":"projects/samukthanacham-14ec2","resources":{"hostingSite":"samukthanacham-14ec2"},"state":"ACTIVE","etag":"1_99844c2f-e674-4e5a-8ad3-b0bb193580b8"}
[info] 
[info] Your public directory is the folder (relative to your project directory) that
[info] will contain Hosting assets to be uploaded with firebase deploy. If you
[info] have a build process for your assets, use your build's output directory.
[info] 
